Training vinai/bartpho-syllable-base
[16:12:12] task: task-3                                                                                                                                       my_import.py:132
           model_name: vinai/bartpho-syllable-base                                                                                                            my_import.py:132
           source_len: 768                                                                                                                                    my_import.py:132
           target_len: 128                                                                                                                                    my_import.py:132
           batch_size: 12                                                                                                                                     my_import.py:132
           learning_rate: 0.001                                                                                                                               my_import.py:132
           epochs: 3                                                                                                                                          my_import.py:132
           device: cuda                                                                                                                                       my_import.py:132
           saving_path: ./models/task_3/simple_bartpho-syllable-base                                                                                          my_import.py:132
           train_shape: (8437, 27)                                                                                                                            my_import.py:132
           dev_shape: (1205, 27)                                                                                                                              my_import.py:132
           test_shape: (2412, 27)                                                                                                                             my_import.py:132

Training ...

Epoch 1/3:   0%|          | 0/704 [00:00<?, ?it/s]
Epoch 1/3, Loss: 283.2643
Evaluation:   0%|          | 0/101 [00:00<?, ?it/s]
Evaluation on dev set:
BERT score (prec, rec, f1): (0.798, 0.82, 0.8082)
Bleu score (bleu, prec1, prec2, prec3, prec4): (0.3718, 0, 0, 0, 0)
Rouge score (1, 2, L): (0.6585, 0.4704, 0.5419)

Epoch 2/3:   0%|          | 0/704 [00:00<?, ?it/s]
Epoch 2/3, Loss: 138.9898
Evaluation:   0%|          | 0/101 [00:00<?, ?it/s]
Evaluation on dev set:
BERT score (prec, rec, f1): (0.896, 0.8687, 0.8817)
Bleu score (bleu, prec1, prec2, prec3, prec4): (0.5219, 1, 1, 1, 1)
Rouge score (1, 2, L): (0.7796, 0.6429, 0.7044)

Epoch 3/3:   0%|          | 0/704 [00:00<?, ?it/s]
Epoch 3/3, Loss: 133.4393
Evaluation:   0%|          | 0/101 [00:00<?, ?it/s]
Evaluation on dev set:
BERT score (prec, rec, f1): (0.8986, 0.876, 0.8867)
Bleu score (bleu, prec1, prec2, prec3, prec4): (0.5323, 1, 1, 1, 1)
Rouge score (1, 2, L): (0.7892, 0.656, 0.716)
Saved the model to path: ./models/task_3/simple_bartpho-syllable-base_2.pth


Evaluating vinai/bartpho-syllable-base
[16:31:51] task: task-3                                                                                   my_import.py:132
           model_name: vinai/bartpho-syllable-base                                                        my_import.py:132
           source_len: 768                                                                                my_import.py:132
           target_len: 128                                                                                my_import.py:132
           batch_size: 12                                                                                 my_import.py:132
           learning_rate: 0.001                                                                           my_import.py:132
           epochs: 10                                                                                     my_import.py:132
           device: cuda                                                                                   my_import.py:132
           saving_path: ./models/task_3/simple_bartpho-syllable-base                                      my_import.py:132
           train_shape: (8437, 27)                                                                        my_import.py:132
           dev_shape: (1205, 27)                                                                          my_import.py:132
           test_shape: (2412, 27)                                                                         my_import.py:132

model_weight_path: ./models/task_3/simple_bartpho-syllable-base_2.pth
Loading model weight successfully!

Evaluation on dev set:
Evaluation:   0%|          | 0/101 [00:00<?, ?it/s]
BERT score (prec, rec, f1): (0.8986, 0.876, 0.8867)
Bleu score (bleu, prec1, prec2, prec3, prec4): (0.5323, 1, 1, 1, 1)
Rouge score (1, 2, L): (0.7893, 0.6556, 0.7159)
*** Random example: 
Original @ [674]: Tiêu đề công việc có từ ngữ thu hút người tìm việc; Mô tả công việc đầy đủ thông tin căn bản; Giấy tờ cung cấp cho công ty nên là bản sao được công chứng, công ty không có quyền giữ giấy tờ gốc của người lao động; Mức lương ở thông tin chi tiết không khớp với mô tả
Generated @ [674]: Thông tin về tiêu đề rõ ràng; BHYT, BHXH, BHTN là trách nhiệm của công ty với người lao động theo quy định của pháp luật, không cần thiết phải ghi vào; Tên và địa chỉ công ty rõ ràng và xác thực; Các thông tin chi tiết về mức lương được cung cấp đầy đủ và rõ ràng


Training vinai/bartpho-word-base
[16:34:31] task: task-3                                                                                   my_import.py:132
           model_name: vinai/bartpho-word-base                                                            my_import.py:132
           source_len: 768                                                                                my_import.py:132
           target_len: 128                                                                                my_import.py:132
           batch_size: 12                                                                                 my_import.py:132
           learning_rate: 0.001                                                                           my_import.py:132
           epochs: 3                                                                                      my_import.py:132
           device: cuda                                                                                   my_import.py:132
           saving_path: ./models/task_3/simple_bartpho-word-base                                          my_import.py:132
           train_shape: (8437, 27)                                                                        my_import.py:132
           dev_shape: (1205, 27)                                                                          my_import.py:132
           test_shape: (2412, 27)                                                                         my_import.py:132

Training ...

Epoch 1/3:   0%|          | 0/704 [00:00<?, ?it/s]
Epoch 1/3, Loss: 372.4657
Evaluation:   0%|          | 0/101 [00:00<?, ?it/s]
Evaluation on dev set:
BERT score (prec, rec, f1): (0.8797, 0.8508, 0.8646)
Bleu score (bleu, prec1, prec2, prec3, prec4): (0.5118, 1, 1, 1, 1)
Rouge score (1, 2, L): (0.7471, 0.6075, 0.6689)

Epoch 2/3:   0%|          | 0/704 [00:00<?, ?it/s]
Epoch 2/3, Loss: 135.8712
Evaluation:   0%|          | 0/101 [00:00<?, ?it/s]
Evaluation on dev set:
BERT score (prec, rec, f1): (0.8861, 0.8558, 0.8702)
Bleu score (bleu, prec1, prec2, prec3, prec4): (0.5376, 1, 1, 1, 1)
Rouge score (1, 2, L): (0.7461, 0.6212, 0.6844)

Epoch 3/3:   0%|          | 0/704 [00:00<?, ?it/s]
Epoch 3/3, Loss: 127.3965
Evaluation:   0%|          | 0/101 [00:00<?, ?it/s]
Evaluation on dev set:
BERT score (prec, rec, f1): (0.8851, 0.8624, 0.8731)
Bleu score (bleu, prec1, prec2, prec3, prec4): (0.5478, 1, 1, 1, 1)
Rouge score (1, 2, L): (0.7576, 0.6246, 0.6869)
Saved the model to path: ./models/task_3/simple_bartpho-word-base_2.pth


Evaluating vinai/bartpho-word-base
[16:53:21] task: task-3                                                                                   my_import.py:132
           model_name: vinai/bartpho-word-base                                                            my_import.py:132
           source_len: 768                                                                                my_import.py:132
           target_len: 128                                                                                my_import.py:132
           batch_size: 12                                                                                 my_import.py:132
           learning_rate: 0.001                                                                           my_import.py:132
           epochs: 10                                                                                     my_import.py:132
           device: cuda                                                                                   my_import.py:132
           saving_path: ./models/task_3/simple_bartpho-word-base                                          my_import.py:132
           train_shape: (8437, 27)                                                                        my_import.py:132
           dev_shape: (1205, 27)                                                                          my_import.py:132
           test_shape: (2412, 27)                                                                         my_import.py:132

model_weight_path: ./models/task_3/simple_bartpho-word-base_2.pth
Loading model weight successfully!

Evaluation on dev set:
Evaluation:   0%|          | 0/101 [00:00<?, ?it/s]
BERT score (prec, rec, f1): (0.8851, 0.8624, 0.8731)
Bleu score (bleu, prec1, prec2, prec3, prec4): (0.5478, 1, 1, 1, 1)
Rouge score (1, 2, L): (0.7581, 0.6245, 0.6873)
*** Random example: 
Original @ [248]: Thông tin về tiêu đề rõ ràng; Mô tả quá ngắn gọn, thiếu các thông tin cơ bản của một tin tuyển dụng; Tên công ty và địa điểm làm việc không được nêu cụ thể; Thông tin mức lương chưa được đề cập
Generated @ [248]: Thông tin về tiêu đề rõ ràng; Mô tả công việc đầy đủ thông tin căn bản; Tên và địa chỉ công ty được xác thực; Các thông tin chi tiết về mức lương được cung cấp đầy đủ và rõ ràng


Training VietAI/vit5-base
[16:55:53] task: task-3                                                                                   my_import.py:132
           model_name: VietAI/vit5-base                                                                   my_import.py:132
           source_len: 768                                                                                my_import.py:132
           target_len: 128                                                                                my_import.py:132
           batch_size: 12                                                                                 my_import.py:132
           learning_rate: 0.001                                                                           my_import.py:132
           epochs: 3                                                                                      my_import.py:132
           device: cuda                                                                                   my_import.py:132
           saving_path: ./models/task_3/simple_vit5-base                                                  my_import.py:132
           train_shape: (8437, 27)                                                                        my_import.py:132
           dev_shape: (1205, 27)                                                                          my_import.py:132
           test_shape: (2412, 27)                                                                         my_import.py:132

Training ...
Epoch 1/3:   0%|          | 0/704 [00:00<?, ?it/s]
Epoch 1/3, Loss: 191.8419
Evaluation:   0%|          | 0/101 [00:00<?, ?it/s]
Evaluation on dev set:
BERT score (prec, rec, f1): (0.8074, 0.7811, 0.7935)
Bleu score (bleu, prec1, prec2, prec3, prec4): (0.2728, 1, 0, 0, 0)
Rouge score (1, 2, L): (0.6622, 0.4411, 0.4978)

Epoch 2/3:   0%|          | 0/704 [00:00<?, ?it/s]
Epoch 2/3, Loss: 125.8670
Evaluation:   0%|          | 0/101 [00:00<?, ?it/s]
Evaluation on dev set:
BERT score (prec, rec, f1): (0.8594, 0.8505, 0.8546)
Bleu score (bleu, prec1, prec2, prec3, prec4): (0.4863, 1, 1, 1, 0)
Rouge score (1, 2, L): (0.7359, 0.5716, 0.6234)

Epoch 3/3:   0%|          | 0/704 [00:00<?, ?it/s]
Epoch 3/3, Loss: 120.8223
Evaluation:   0%|          | 0/101 [00:00<?, ?it/s]
Evaluation on dev set:
BERT score (prec, rec, f1): (0.8507, 0.8366, 0.8432)
Bleu score (bleu, prec1, prec2, prec3, prec4): (0.4343, 1, 0, 0, 0)
Rouge score (1, 2, L): (0.7254, 0.526, 0.5929)
Saved the model to path: ./models/task_3/simple_vit5-base_2.pth


Evaluating VietAI/vit5-base
[17:31:13] task: task-3                                                                                   my_import.py:132
           model_name: VietAI/vit5-base                                                                   my_import.py:132
           source_len: 768                                                                                my_import.py:132
           target_len: 128                                                                                my_import.py:132
           batch_size: 12                                                                                 my_import.py:132
           learning_rate: 0.001                                                                           my_import.py:132
           epochs: 10                                                                                     my_import.py:132
           device: cuda                                                                                   my_import.py:132
           saving_path: ./models/task_3/simple_vit5-base                                                  my_import.py:132
           train_shape: (8437, 27)                                                                        my_import.py:132
           dev_shape: (1205, 27)                                                                          my_import.py:132
           test_shape: (2412, 27)                                                                         my_import.py:132

model_weight_path: ./models/task_3/simple_vit5-base_2.pth
Loading model weight successfully!

Evaluation on dev set:
Evaluation:   0%|          | 0/101 [00:00<?, ?it/s]
BERT score (prec, rec, f1): (0.8507, 0.8366, 0.8432)
Bleu score (bleu, prec1, prec2, prec3, prec4): (0.4343, 1, 0, 0, 0)
Rouge score (1, 2, L): (0.7255, 0.5257, 0.593)
*** Random example: 
Original @ [448]: Tiêu đề chứa tiền lương nhằm thu hút người tìm việc; Địa điểm đề cập đến nhiều nhưng không cụ thể, rõ ràng, BHYT, BHXH, BHTN là trách nhiệm của công ty với người lao động theo quy định của pháp luật, không cần thiết phải ghi vào; Tên và địa chỉ công ty rõ ràng và xác thực; Mức lương ở thông tin chi tiết không khớp với mô tả
Generated @ [448]: đề cập đến tiền lương không nhất quán; Giấy tờ cung cấp cho công ty nên là bản sao được công chứng, công ty không có quyền giữ giấy tờ gốc của người lao động; Chưa đề cập đến tên công ty; Các thông tin chi tiết về mức lương được cung cấp đầy đủ và rõ ràng

All commands completed!
